<?xml version="1.0" encoding="UTF-8"?>
<!-- Generated by org.testng.reporters.JUnitXMLReporter -->
<testsuite ignored="0" hostname="DESKTOP-36H0BPK" failures="0" tests="3" name="Default test" time="0.118" errors="0" timestamp="2024-02-21T12:30:50 IST">
  <testcase classname="hospiolpkg.TestNGClass" name="testMethod" time="0.02"/>
  <testcase classname="hospiolpkg.TestNGClass" name="testMethod" time="0.008"/>
  <testcase classname="hospiolpkg.TestNGClass" name="testMethod" time="0.002"/>
</testsuite> <!-- Default test -->
