<?xml version="1.0" encoding="UTF-8"?>
<!-- Generated by org.testng.reporters.JUnitXMLReporter -->
<testsuite ignored="0" hostname="DESKTOP-36H0BPK" failures="0" tests="3" name="Test" time="0.117" errors="0" timestamp="2024-02-23T10:16:06 IST">
  <testcase classname="hospiolpkg.TestNGClass" name="testMethod" time="0.016"/>
  <testcase classname="hospiolpkg.TestNGClass" name="testMethod" time="0.009"/>
  <testcase classname="hospiolpkg.TestNGClass" name="testMethod" time="0.001"/>
</testsuite> <!-- Test -->
