<?xml version="1.0" encoding="UTF-8"?>
<testng-results ignored="0" total="2" passed="2" failed="0" skipped="0">
  <reporter-output>
  </reporter-output>
  <suite started-at="2024-02-26T09:39:28 IST" name="TestSuite" finished-at="2024-02-26T09:39:28 IST" duration-ms="83">
    <groups>
    </groups>
    <test started-at="2024-02-26T09:39:28 IST" name="FirefoxTest" finished-at="2024-02-26T09:39:28 IST" duration-ms="83">
      <class name="com.qascript.crossbrowsertests">
        <test-method signature="crossbrowsertest(java.lang.String)[pri:0, instance:com.qascript.crossbrowsertests@37afeb11]" started-at="2024-02-26T09:39:28 IST" name="crossbrowsertest" finished-at="2024-02-26T09:39:28 IST" duration-ms="21" status="PASS">
          <params>
            <param index="0">
              <value>
                <![CDATA[Firefox]]>
              </value>
            </param>
          </params>
          <reporter-output>
          </reporter-output>
        </test-method> <!-- crossbrowsertest -->
      </class> <!-- com.qascript.crossbrowsertests -->
    </test> <!-- FirefoxTest -->
    <test started-at="2024-02-26T09:39:28 IST" name="ChromeTest" finished-at="2024-02-26T09:39:28 IST" duration-ms="82">
      <class name="com.qascript.crossbrowsertests">
        <test-method signature="crossbrowsertest(java.lang.String)[pri:0, instance:com.qascript.crossbrowsertests@50eac852]" started-at="2024-02-26T09:39:28 IST" name="crossbrowsertest" finished-at="2024-02-26T09:39:28 IST" duration-ms="19" status="PASS">
          <params>
            <param index="0">
              <value>
                <![CDATA[Chrome]]>
              </value>
            </param>
          </params>
          <reporter-output>
          </reporter-output>
        </test-method> <!-- crossbrowsertest -->
      </class> <!-- com.qascript.crossbrowsertests -->
    </test> <!-- ChromeTest -->
  </suite> <!-- TestSuite -->
</testng-results>
